/*C12*/SET SCHEMA PUBLIC
INSERT INTO VAGAS VALUES(22,'2024-03-10 00:00:00.000000','2024-03-11 00:00:00.000000',2)
COMMIT
INSERT INTO AGENDAMENTO VALUES(59,'2024-03-11 00:00:00.000000','1','1',1)
COMMIT
INSERT INTO AGENDAMENTO VALUES(60,'2024-03-10 00:00:00.000000','tret','2',1)
COMMIT
INSERT INTO VAGAS VALUES(23,'2024-03-12 00:00:00.000000','2024-03-12 00:00:00.000000',1)
COMMIT
DELETE FROM VAGAS WHERE ID=23
COMMIT
DELETE FROM VAGAS WHERE ID=22
COMMIT
DELETE FROM SOLICITANTE WHERE ID=7
COMMIT
DELETE FROM SOLICITANTE WHERE ID=6
COMMIT
/*C15*/SET SCHEMA PUBLIC
DISCONNECT
/*C20*/SET SCHEMA PUBLIC
DISCONNECT
/*C21*/SET SCHEMA PUBLIC
DISCONNECT
/*C18*/SET SCHEMA PUBLIC
DISCONNECT
/*C14*/SET SCHEMA PUBLIC
DISCONNECT
/*C13*/SET SCHEMA PUBLIC
DISCONNECT
/*C17*/SET SCHEMA PUBLIC
DISCONNECT
/*C12*/DISCONNECT
/*C19*/SET SCHEMA PUBLIC
DISCONNECT
/*C16*/SET SCHEMA PUBLIC
DISCONNECT
/*C22*/SET SCHEMA PUBLIC
INSERT INTO VAGAS VALUES(24,'2024-03-10 00:00:00.000000','2024-03-11 00:00:00.000000',2)
COMMIT
